DEPRECATION WARNING: You didn't set `secret_key_base`. Read the upgrade documentation to learn more about this new config option. (called from env_config at /Users/ruben/.gem/ruby/2.4.1/gems/railties-5.1.2/lib/rails/application.rb:247)
DEPRECATION WARNING: You didn't set `secret_key_base`. Read the upgrade documentation to learn more about this new config option. (called from env_config at /Users/ruben/.gem/ruby/2.4.1/gems/railties-5.1.2/lib/rails/application.rb:247)
Started GET "/" for ::1 at 2017-09-11 14:45:34 +0200
  
Gem::LoadError (Specified 'mysql2' for database adapter, but the gem is not loaded. Add `gem 'mysql2'` to your Gemfile (and ensure its version is at the minimum required by ActiveRecord).):
  
activerecord (5.1.2) lib/active_record/connection_adapters/connection_specification.rb:188:in `rescue in spec'
activerecord (5.1.2) lib/active_record/connection_adapters/connection_specification.rb:185:in `spec'
activerecord (5.1.2) lib/active_record/connection_adapters/abstract/connection_pool.rb:880:in `establish_connection'
activerecord (5.1.2) lib/active_record/connection_handling.rb:58:in `establish_connection'
activerecord (5.1.2) lib/active_record/railtie.rb:124:in `block (2 levels) in <class:Railtie>'
activesupport (5.1.2) lib/active_support/lazy_load_hooks.rb:45:in `instance_eval'
activesupport (5.1.2) lib/active_support/lazy_load_hooks.rb:45:in `execute_hook'
activesupport (5.1.2) lib/active_support/lazy_load_hooks.rb:52:in `block in run_load_hooks'
activesupport (5.1.2) lib/active_support/lazy_load_hooks.rb:51:in `each'
activesupport (5.1.2) lib/active_support/lazy_load_hooks.rb:51:in `run_load_hooks'
activerecord (5.1.2) lib/active_record/base.rb:326:in `<module:ActiveRecord>'
activerecord (5.1.2) lib/active_record/base.rb:25:in `<top (required)>'
activesupport (5.1.2) lib/active_support/dependencies.rb:292:in `require'
activesupport (5.1.2) lib/active_support/dependencies.rb:292:in `block in require'
activesupport (5.1.2) lib/active_support/dependencies.rb:258:in `load_dependency'
activesupport (5.1.2) lib/active_support/dependencies.rb:292:in `require'
activerecord (5.1.2) lib/active_record/migration.rb:562:in `connection'
activerecord (5.1.2) lib/active_record/migration.rb:553:in `call'
actionpack (5.1.2) lib/action_dispatch/middleware/callbacks.rb:26:in `block in call'
activesupport (5.1.2) lib/active_support/callbacks.rb:97:in `run_callbacks'
actionpack (5.1.2) lib/action_dispatch/middleware/callbacks.rb:24:in `call'
actionpack (5.1.2) lib/action_dispatch/middleware/executor.rb:12:in `call'
actionpack (5.1.2) lib/action_dispatch/middleware/debug_exceptions.rb:59:in `call'
web-console (3.5.1) lib/web_console/middleware.rb:135:in `call_app'
web-console (3.5.1) lib/web_console/middleware.rb:28:in `block in call'
web-console (3.5.1) lib/web_console/middleware.rb:18:in `catch'
web-console (3.5.1) lib/web_console/middleware.rb:18:in `call'
actionpack (5.1.2) lib/action_dispatch/middleware/show_exceptions.rb:31:in `call'
railties (5.1.2) lib/rails/rack/logger.rb:36:in `call_app'
railties (5.1.2) lib/rails/rack/logger.rb:24:in `block in call'
activesupport (5.1.2) lib/active_support/tagged_logging.rb:69:in `block in tagged'
activesupport (5.1.2) lib/active_support/tagged_logging.rb:26:in `tagged'
activesupport (5.1.2) lib/active_support/tagged_logging.rb:69:in `tagged'
railties (5.1.2) lib/rails/rack/logger.rb:24:in `call'
sprockets-rails (3.2.0) lib/sprockets/rails/quiet_assets.rb:13:in `call'
actionpack (5.1.2) lib/action_dispatch/middleware/remote_ip.rb:79:in `call'
actionpack (5.1.2) lib/action_dispatch/middleware/request_id.rb:25:in `call'
rack (2.0.3) lib/rack/method_override.rb:22:in `call'
rack (2.0.3) lib/rack/runtime.rb:22:in `call'
activesupport (5.1.2) lib/active_support/cache/strategy/local_cache_middleware.rb:27:in `call'
actionpack (5.1.2) lib/action_dispatch/middleware/executor.rb:12:in `call'
actionpack (5.1.2) lib/action_dispatch/middleware/static.rb:125:in `call'
rack (2.0.3) lib/rack/sendfile.rb:111:in `call'
railties (5.1.2) lib/rails/engine.rb:522:in `call'
rack (2.0.3) lib/rack/handler/webrick.rb:86:in `service'
/Users/ruben/.rubies/ruby-2.4.1/lib/ruby/2.4.0/webrick/httpserver.rb:140:in `service'
/Users/ruben/.rubies/ruby-2.4.1/lib/ruby/2.4.0/webrick/httpserver.rb:96:in `run'
/Users/ruben/.rubies/ruby-2.4.1/lib/ruby/2.4.0/webrick/server.rb:290:in `block in start_thread'
Started GET "/" for ::1 at 2017-09-11 14:47:42 +0200
  
LoadError (Could not load 'active_record/connection_adapters/mysql_adapter'. Make sure that the adapter in config/database.yml is valid. If you use an adapter other than 'mysql2', 'postgresql' or 'sqlite3' add the necessary adapter gem to the Gemfile.):
  
activesupport (5.1.2) lib/active_support/dependencies.rb:292:in `require'
activesupport (5.1.2) lib/active_support/dependencies.rb:292:in `block in require'
activesupport (5.1.2) lib/active_support/dependencies.rb:258:in `load_dependency'
activesupport (5.1.2) lib/active_support/dependencies.rb:292:in `require'
activerecord (5.1.2) lib/active_record/connection_adapters/connection_specification.rb:186:in `spec'
activerecord (5.1.2) lib/active_record/connection_adapters/abstract/connection_pool.rb:880:in `establish_connection'
activerecord (5.1.2) lib/active_record/connection_handling.rb:58:in `establish_connection'
activerecord (5.1.2) lib/active_record/railtie.rb:124:in `block (2 levels) in <class:Railtie>'
activesupport (5.1.2) lib/active_support/lazy_load_hooks.rb:45:in `instance_eval'
activesupport (5.1.2) lib/active_support/lazy_load_hooks.rb:45:in `execute_hook'
activesupport (5.1.2) lib/active_support/lazy_load_hooks.rb:52:in `block in run_load_hooks'
activesupport (5.1.2) lib/active_support/lazy_load_hooks.rb:51:in `each'
activesupport (5.1.2) lib/active_support/lazy_load_hooks.rb:51:in `run_load_hooks'
activerecord (5.1.2) lib/active_record/base.rb:326:in `<module:ActiveRecord>'
activerecord (5.1.2) lib/active_record/base.rb:25:in `<top (required)>'
activesupport (5.1.2) lib/active_support/dependencies.rb:292:in `require'
activesupport (5.1.2) lib/active_support/dependencies.rb:292:in `block in require'
activesupport (5.1.2) lib/active_support/dependencies.rb:258:in `load_dependency'
activesupport (5.1.2) lib/active_support/dependencies.rb:292:in `require'
activerecord (5.1.2) lib/active_record/migration.rb:562:in `connection'
activerecord (5.1.2) lib/active_record/migration.rb:553:in `call'
actionpack (5.1.2) lib/action_dispatch/middleware/callbacks.rb:26:in `block in call'
activesupport (5.1.2) lib/active_support/callbacks.rb:97:in `run_callbacks'
actionpack (5.1.2) lib/action_dispatch/middleware/callbacks.rb:24:in `call'
actionpack (5.1.2) lib/action_dispatch/middleware/executor.rb:12:in `call'
actionpack (5.1.2) lib/action_dispatch/middleware/debug_exceptions.rb:59:in `call'
web-console (3.5.1) lib/web_console/middleware.rb:135:in `call_app'
web-console (3.5.1) lib/web_console/middleware.rb:28:in `block in call'
web-console (3.5.1) lib/web_console/middleware.rb:18:in `catch'
web-console (3.5.1) lib/web_console/middleware.rb:18:in `call'
actionpack (5.1.2) lib/action_dispatch/middleware/show_exceptions.rb:31:in `call'
railties (5.1.2) lib/rails/rack/logger.rb:36:in `call_app'
railties (5.1.2) lib/rails/rack/logger.rb:24:in `block in call'
activesupport (5.1.2) lib/active_support/tagged_logging.rb:69:in `block in tagged'
activesupport (5.1.2) lib/active_support/tagged_logging.rb:26:in `tagged'
activesupport (5.1.2) lib/active_support/tagged_logging.rb:69:in `tagged'
railties (5.1.2) lib/rails/rack/logger.rb:24:in `call'
sprockets-rails (3.2.0) lib/sprockets/rails/quiet_assets.rb:13:in `call'
actionpack (5.1.2) lib/action_dispatch/middleware/remote_ip.rb:79:in `call'
actionpack (5.1.2) lib/action_dispatch/middleware/request_id.rb:25:in `call'
rack (2.0.3) lib/rack/method_override.rb:22:in `call'
rack (2.0.3) lib/rack/runtime.rb:22:in `call'
activesupport (5.1.2) lib/active_support/cache/strategy/local_cache_middleware.rb:27:in `call'
actionpack (5.1.2) lib/action_dispatch/middleware/executor.rb:12:in `call'
actionpack (5.1.2) lib/action_dispatch/middleware/static.rb:125:in `call'
rack (2.0.3) lib/rack/sendfile.rb:111:in `call'
railties (5.1.2) lib/rails/engine.rb:522:in `call'
rack (2.0.3) lib/rack/handler/webrick.rb:86:in `service'
/Users/ruben/.rubies/ruby-2.4.1/lib/ruby/2.4.0/webrick/httpserver.rb:140:in `service'
/Users/ruben/.rubies/ruby-2.4.1/lib/ruby/2.4.0/webrick/httpserver.rb:96:in `run'
/Users/ruben/.rubies/ruby-2.4.1/lib/ruby/2.4.0/webrick/server.rb:290:in `block in start_thread'
